This file contains any messages produced by compilers while
running configure, to aid debugging if configure makes a mistake.

It was created by configure, which was
generated by GNU Autoconf 2.68.  Invocation command line was

  $ ./configure --no-create --no-recursion

## --------- ##
## Platform. ##
## --------- ##

hostname = goth-giant
uname -m = x86_64
uname -r = 3.2.0-40-generic
uname -s = Linux
uname -v = #64-Ubuntu SMP Mon Mar 25 21:22:10 UTC 2013

/usr/bin/uname -p = unknown
/bin/uname -X     = unknown

/bin/arch              = unknown
/usr/bin/arch -k       = unknown
/usr/convex/getsysinfo = unknown
/usr/bin/hostinfo      = unknown
/bin/machine           = unknown
/usr/bin/oslevel       = unknown
/bin/universe          = unknown

PATH: /lusr/bin
PATH: /sbin
PATH: /bin
PATH: /usr/sbin
PATH: /usr/bin
PATH: /usr/games
PATH: /usr/bin/mh
PATH: /lusr/share/hosts
PATH: /lusr/bin/tex
PATH: /lusr/games/bin
PATH: /lusr/opt/condor/bin
PATH: .


## ----------- ##
## Core tests. ##
## ----------- ##

configure:2310: checking for a BSD-compatible install
configure:2378: result: /usr/bin/install -c
configure:2389: checking whether build environment is sane
configure:2439: result: yes
configure:2580: checking for a thread-safe mkdir -p
configure:2619: result: /bin/mkdir -p
configure:2632: checking for gawk
configure:2648: found /usr/bin/gawk
configure:2659: result: gawk
configure:2670: checking whether make sets $(MAKE)
configure:2692: result: yes
configure:2840: checking for g++
configure:2856: found /usr/bin/g++
configure:2867: result: g++
configure:2894: checking for C++ compiler version
configure:2903: g++ --version >&5
g++ (Ubuntu/Linaro 4.6.3-1ubuntu5) 4.6.3
Copyright (C) 2011 Free Software Foundation, Inc.
This is free software; see the source for copying conditions.  There is NO
warranty; not even for MERCHANTABILITY or FITNESS FOR A PARTICULAR PURPOSE.

configure:2914: $? = 0
configure:2903: g++ -v >&5
Using built-in specs.
COLLECT_GCC=g++
COLLECT_LTO_WRAPPER=/usr/lib/gcc/x86_64-linux-gnu/4.6/lto-wrapper
Target: x86_64-linux-gnu
Configured with: ../src/configure -v --with-pkgversion='Ubuntu/Linaro 4.6.3-1ubuntu5' --with-bugurl=file:///usr/share/doc/gcc-4.6/README.Bugs --enable-languages=c,c++,fortran,objc,obj-c++ --prefix=/usr --program-suffix=-4.6 --enable-shared --enable-linker-build-id --with-system-zlib --libexecdir=/usr/lib --without-included-gettext --enable-threads=posix --with-gxx-include-dir=/usr/include/c++/4.6 --libdir=/usr/lib --enable-nls --with-sysroot=/ --enable-clocale=gnu --enable-libstdcxx-debug --enable-libstdcxx-time=yes --enable-gnu-unique-object --enable-plugin --enable-objc-gc --disable-werror --with-arch-32=i686 --with-tune=generic --enable-checking=release --build=x86_64-linux-gnu --host=x86_64-linux-gnu --target=x86_64-linux-gnu
Thread model: posix
gcc version 4.6.3 (Ubuntu/Linaro 4.6.3-1ubuntu5) 
configure:2914: $? = 0
configure:2903: g++ -V >&5
g++: error: unrecognized option '-V'
g++: fatal error: no input files
compilation terminated.
configure:2914: $? = 4
configure:2903: g++ -qversion >&5
g++: error: unrecognized option '-qversion'
g++: fatal error: no input files
compilation terminated.
configure:2914: $? = 4
configure:2934: checking whether the C++ compiler works
configure:2956: g++    conftest.cpp  >&5
configure:2960: $? = 0
configure:3008: result: yes
configure:3011: checking for C++ compiler default output file name
configure:3013: result: a.out
configure:3019: checking for suffix of executables
configure:3026: g++ -o conftest    conftest.cpp  >&5
configure:3030: $? = 0
configure:3052: result: 
configure:3074: checking whether we are cross compiling
configure:3082: g++ -o conftest    conftest.cpp  >&5
configure:3086: $? = 0
configure:3093: ./conftest
configure:3097: $? = 0
configure:3112: result: no
configure:3117: checking for suffix of object files
configure:3139: g++ -c   conftest.cpp >&5
configure:3143: $? = 0
configure:3164: result: o
configure:3168: checking whether we are using the GNU C++ compiler
configure:3187: g++ -c   conftest.cpp >&5
configure:3187: $? = 0
configure:3196: result: yes
configure:3205: checking whether g++ accepts -g
configure:3225: g++ -c -g  conftest.cpp >&5
configure:3225: $? = 0
configure:3266: result: yes
configure:3300: checking for style of include used by make
configure:3328: result: GNU
configure:3354: checking dependency style of g++
configure:3465: result: gcc3
configure:3482: WARNING: Libtool does not cope well with whitespace in `pwd`
configure:3509: checking build system type
configure:3523: result: x86_64-unknown-linux-gnu
configure:3543: checking host system type
configure:3556: result: x86_64-unknown-linux-gnu
configure:3597: checking how to print strings
configure:3624: result: printf
configure:3693: checking for gcc
configure:3709: found /usr/bin/gcc
configure:3720: result: gcc
configure:3949: checking for C compiler version
configure:3958: gcc --version >&5
gcc (Ubuntu/Linaro 4.6.3-1ubuntu5) 4.6.3
Copyright (C) 2011 Free Software Foundation, Inc.
This is free software; see the source for copying conditions.  There is NO
warranty; not even for MERCHANTABILITY or FITNESS FOR A PARTICULAR PURPOSE.

configure:3969: $? = 0
configure:3958: gcc -v >&5
Using built-in specs.
COLLECT_GCC=gcc
COLLECT_LTO_WRAPPER=/usr/lib/gcc/x86_64-linux-gnu/4.6/lto-wrapper
Target: x86_64-linux-gnu
Configured with: ../src/configure -v --with-pkgversion='Ubuntu/Linaro 4.6.3-1ubuntu5' --with-bugurl=file:///usr/share/doc/gcc-4.6/README.Bugs --enable-languages=c,c++,fortran,objc,obj-c++ --prefix=/usr --program-suffix=-4.6 --enable-shared --enable-linker-build-id --with-system-zlib --libexecdir=/usr/lib --without-included-gettext --enable-threads=posix --with-gxx-include-dir=/usr/include/c++/4.6 --libdir=/usr/lib --enable-nls --with-sysroot=/ --enable-clocale=gnu --enable-libstdcxx-debug --enable-libstdcxx-time=yes --enable-gnu-unique-object --enable-plugin --enable-objc-gc --disable-werror --with-arch-32=i686 --with-tune=generic --enable-checking=release --build=x86_64-linux-gnu --host=x86_64-linux-gnu --target=x86_64-linux-gnu
Thread model: posix
gcc version 4.6.3 (Ubuntu/Linaro 4.6.3-1ubuntu5) 
configure:3969: $? = 0
configure:3958: gcc -V >&5
gcc: error: unrecognized option '-V'
gcc: fatal error: no input files
compilation terminated.
configure:3969: $? = 4
configure:3958: gcc -qversion >&5
gcc: error: unrecognized option '-qversion'
gcc: fatal error: no input files
compilation terminated.
configure:3969: $? = 4
configure:3973: checking whether we are using the GNU C compiler
configure:3992: gcc -c   conftest.c >&5
configure:3992: $? = 0
configure:4001: result: yes
configure:4010: checking whether gcc accepts -g
configure:4030: gcc -c -g  conftest.c >&5
configure:4030: $? = 0
configure:4071: result: yes
configure:4088: checking for gcc option to accept ISO C89
configure:4152: gcc  -c -g -O2  conftest.c >&5
configure:4152: $? = 0
configure:4165: result: none needed
configure:4187: checking dependency style of gcc
configure:4298: result: gcc3
configure:4313: checking for a sed that does not truncate output
configure:4377: result: /bin/sed
configure:4395: checking for grep that handles long lines and -e
configure:4453: result: /bin/grep
configure:4458: checking for egrep
configure:4520: result: /bin/grep -E
configure:4525: checking for fgrep
configure:4587: result: /bin/grep -F
configure:4622: checking for ld used by gcc
configure:4689: result: /usr/bin/ld
configure:4696: checking if the linker (/usr/bin/ld) is GNU ld
configure:4711: result: yes
configure:4723: checking for BSD- or MS-compatible name lister (nm)
configure:4772: result: /usr/bin/nm -B
configure:4902: checking the name lister (/usr/bin/nm -B) interface
configure:4909: g++ -c -g -O2  conftest.cpp >&5
configure:4912: /usr/bin/nm -B "conftest.o"
configure:4915: output
0000000000000000 B some_variable
configure:4922: result: BSD nm
configure:4925: checking whether ln -s works
configure:4929: result: yes
configure:4937: checking the maximum length of command line arguments
configure:5067: result: 3458764513820540925
configure:5084: checking whether the shell understands some XSI constructs
configure:5094: result: yes
configure:5098: checking whether the shell understands "+="
configure:5104: result: yes
configure:5139: checking how to convert x86_64-unknown-linux-gnu file names to x86_64-unknown-linux-gnu format
configure:5179: result: func_convert_file_noop
configure:5186: checking how to convert x86_64-unknown-linux-gnu file names to toolchain format
configure:5206: result: func_convert_file_noop
configure:5213: checking for /usr/bin/ld option to reload object files
configure:5220: result: -r
configure:5294: checking for objdump
configure:5310: found /usr/bin/objdump
configure:5321: result: objdump
configure:5353: checking how to recognize dependent libraries
configure:5555: result: pass_all
configure:5640: checking for dlltool
configure:5670: result: no
configure:5700: checking how to associate runtime and link libraries
configure:5727: result: printf %s\n
configure:5788: checking for ar
configure:5804: found /usr/bin/ar
configure:5815: result: ar
configure:5852: checking for archiver @FILE support
configure:5869: g++ -c -g -O2  conftest.cpp >&5
configure:5869: $? = 0
configure:5872: ar cru libconftest.a @conftest.lst >&5
configure:5875: $? = 0
configure:5880: ar cru libconftest.a @conftest.lst >&5
ar: conftest.o: No such file or directory
configure:5883: $? = 1
configure:5895: result: @
configure:5953: checking for strip
configure:5969: found /usr/bin/strip
configure:5980: result: strip
configure:6052: checking for ranlib
configure:6068: found /usr/bin/ranlib
configure:6079: result: ranlib
configure:6181: checking command to parse /usr/bin/nm -B output from gcc object
configure:6301: g++ -c -g -O2  conftest.cpp >&5
configure:6304: $? = 0
configure:6308: /usr/bin/nm -B conftest.o \| sed -n -e 's/^.*[ ]\([ABCDGIRSTW][ABCDGIRSTW]*\)[ ][ ]*\([_A-Za-z][_A-Za-z0-9]*\)$/\1 \2 \2/p' | sed '/ __gnu_lto/d' \> conftest.nm
configure:6311: $? = 0
configure:6377: g++ -o conftest -g -O2   conftest.cpp conftstm.o >&5
configure:6380: $? = 0
configure:6418: result: ok
configure:6455: checking for sysroot
configure:6485: result: no
configure:6563: g++ -c -g -O2  conftest.cpp >&5
configure:6566: $? = 0
configure:6742: checking for mt
configure:6758: found /bin/mt
configure:6769: result: mt
configure:6792: checking if mt is a manifest tool
configure:6798: mt '-?'
configure:6806: result: no
configure:7448: checking how to run the C preprocessor
configure:7479: gcc -E  conftest.c
configure:7479: $? = 0
configure:7493: gcc -E  conftest.c
conftest.c:11:28: fatal error: ac_nonexistent.h: No such file or directory
compilation terminated.
configure:7493: $? = 1
configure: failed program was:
| /* confdefs.h */
| #define PACKAGE_NAME ""
| #define PACKAGE_TARNAME ""
| #define PACKAGE_VERSION ""
| #define PACKAGE_STRING ""
| #define PACKAGE_BUGREPORT ""
| #define PACKAGE_URL ""
| #define PACKAGE "SampleApp"
| #define VERSION "0.1"
| /* end confdefs.h.  */
| #include <ac_nonexistent.h>
configure:7518: result: gcc -E
configure:7538: gcc -E  conftest.c
configure:7538: $? = 0
configure:7552: gcc -E  conftest.c
conftest.c:11:28: fatal error: ac_nonexistent.h: No such file or directory
compilation terminated.
configure:7552: $? = 1
configure: failed program was:
| /* confdefs.h */
| #define PACKAGE_NAME ""
| #define PACKAGE_TARNAME ""
| #define PACKAGE_VERSION ""
| #define PACKAGE_STRING ""
| #define PACKAGE_BUGREPORT ""
| #define PACKAGE_URL ""
| #define PACKAGE "SampleApp"
| #define VERSION "0.1"
| /* end confdefs.h.  */
| #include <ac_nonexistent.h>
configure:7581: checking for ANSI C header files
configure:7601: gcc -c -g -O2  conftest.c >&5
configure:7601: $? = 0
configure:7674: gcc -o conftest -g -O2   conftest.c  >&5
configure:7674: $? = 0
configure:7674: ./conftest
configure:7674: $? = 0
configure:7685: result: yes
configure:7698: checking for sys/types.h
configure:7698: gcc -c -g -O2  conftest.c >&5
configure:7698: $? = 0
configure:7698: result: yes
configure:7698: checking for sys/stat.h
configure:7698: gcc -c -g -O2  conftest.c >&5
configure:7698: $? = 0
configure:7698: result: yes
configure:7698: checking for stdlib.h
configure:7698: gcc -c -g -O2  conftest.c >&5
configure:7698: $? = 0
configure:7698: result: yes
configure:7698: checking for string.h
configure:7698: gcc -c -g -O2  conftest.c >&5
configure:7698: $? = 0
configure:7698: result: yes
configure:7698: checking for memory.h
configure:7698: gcc -c -g -O2  conftest.c >&5
configure:7698: $? = 0
configure:7698: result: yes
configure:7698: checking for strings.h
configure:7698: gcc -c -g -O2  conftest.c >&5
configure:7698: $? = 0
configure:7698: result: yes
configure:7698: checking for inttypes.h
configure:7698: gcc -c -g -O2  conftest.c >&5
configure:7698: $? = 0
configure:7698: result: yes
configure:7698: checking for stdint.h
configure:7698: gcc -c -g -O2  conftest.c >&5
configure:7698: $? = 0
configure:7698: result: yes
configure:7698: checking for unistd.h
configure:7698: gcc -c -g -O2  conftest.c >&5
configure:7698: $? = 0
configure:7698: result: yes
configure:7712: checking for dlfcn.h
configure:7712: gcc -c -g -O2  conftest.c >&5
configure:7712: $? = 0
configure:7712: result: yes
configure:7928: checking for objdir
configure:7943: result: .libs
configure:8210: checking if gcc supports -fno-rtti -fno-exceptions
configure:8228: gcc -c -g -O2  -fno-rtti -fno-exceptions conftest.c >&5
cc1: warning: command line option '-fno-rtti' is valid for C++/ObjC++ but not for C [enabled by default]
configure:8232: $? = 0
configure:8245: result: no
configure:8572: checking for gcc option to produce PIC
configure:8579: result: -fPIC -DPIC
configure:8587: checking if gcc PIC flag -fPIC -DPIC works
configure:8605: gcc -c -g -O2  -fPIC -DPIC -DPIC conftest.c >&5
configure:8609: $? = 0
configure:8622: result: yes
configure:8651: checking if gcc static flag -static works
configure:8679: result: yes
configure:8694: checking if gcc supports -c -o file.o
configure:8715: gcc -c -g -O2  -o out/conftest2.o conftest.c >&5
configure:8719: $? = 0
configure:8741: result: yes
configure:8749: checking if gcc supports -c -o file.o
configure:8796: result: yes
configure:8829: checking whether the gcc linker (/usr/bin/ld -m elf_x86_64) supports shared libraries
configure:9986: result: yes
configure:10023: checking whether -lc should be explicitly linked in
configure:10031: gcc -c -g -O2  conftest.c >&5
configure:10034: $? = 0
configure:10049: gcc -shared  -fPIC -DPIC conftest.o  -v -Wl,-soname -Wl,conftest -o conftest 2\>\&1 \| /bin/grep  -lc  \>/dev/null 2\>\&1
configure:10052: $? = 0
configure:10066: result: no
configure:10226: checking dynamic linker characteristics
configure:10737: gcc -o conftest -g -O2   -Wl,-rpath -Wl,/foo conftest.c  >&5
configure:10737: $? = 0
configure:10971: result: GNU/Linux ld.so
configure:11078: checking how to hardcode library paths into programs
configure:11103: result: immediate
configure:11643: checking whether stripping libraries is possible
configure:11648: result: yes
configure:11683: checking if libtool supports shared libraries
configure:11685: result: yes
configure:11688: checking whether to build shared libraries
configure:11709: result: yes
configure:11712: checking whether to build static libraries
configure:11716: result: yes
configure:11739: checking how to run the C++ preprocessor
configure:11766: g++ -E  conftest.cpp
configure:11766: $? = 0
configure:11780: g++ -E  conftest.cpp
conftest.cpp:23:28: fatal error: ac_nonexistent.h: No such file or directory
compilation terminated.
configure:11780: $? = 1
configure: failed program was:
| /* confdefs.h */
| #define PACKAGE_NAME ""
| #define PACKAGE_TARNAME ""
| #define PACKAGE_VERSION ""
| #define PACKAGE_STRING ""
| #define PACKAGE_BUGREPORT ""
| #define PACKAGE_URL ""
| #define PACKAGE "SampleApp"
| #define VERSION "0.1"
| #define STDC_HEADERS 1
| #define HAVE_SYS_TYPES_H 1
| #define HAVE_SYS_STAT_H 1
| #define HAVE_STDLIB_H 1
| #define HAVE_STRING_H 1
| #define HAVE_MEMORY_H 1
| #define HAVE_STRINGS_H 1
| #define HAVE_INTTYPES_H 1
| #define HAVE_STDINT_H 1
| #define HAVE_UNISTD_H 1
| #define HAVE_DLFCN_H 1
| #define LT_OBJDIR ".libs/"
| /* end confdefs.h.  */
| #include <ac_nonexistent.h>
configure:11805: result: g++ -E
configure:11825: g++ -E  conftest.cpp
configure:11825: $? = 0
configure:11839: g++ -E  conftest.cpp
conftest.cpp:23:28: fatal error: ac_nonexistent.h: No such file or directory
compilation terminated.
configure:11839: $? = 1
configure: failed program was:
| /* confdefs.h */
| #define PACKAGE_NAME ""
| #define PACKAGE_TARNAME ""
| #define PACKAGE_VERSION ""
| #define PACKAGE_STRING ""
| #define PACKAGE_BUGREPORT ""
| #define PACKAGE_URL ""
| #define PACKAGE "SampleApp"
| #define VERSION "0.1"
| #define STDC_HEADERS 1
| #define HAVE_SYS_TYPES_H 1
| #define HAVE_SYS_STAT_H 1
| #define HAVE_STDLIB_H 1
| #define HAVE_STRING_H 1
| #define HAVE_MEMORY_H 1
| #define HAVE_STRINGS_H 1
| #define HAVE_INTTYPES_H 1
| #define HAVE_STDINT_H 1
| #define HAVE_UNISTD_H 1
| #define HAVE_DLFCN_H 1
| #define LT_OBJDIR ".libs/"
| /* end confdefs.h.  */
| #include <ac_nonexistent.h>
configure:12008: checking for ld used by g++
configure:12075: result: /usr/bin/ld -m elf_x86_64
configure:12082: checking if the linker (/usr/bin/ld -m elf_x86_64) is GNU ld
configure:12097: result: yes
configure:12152: checking whether the g++ linker (/usr/bin/ld -m elf_x86_64) supports shared libraries
configure:13157: result: yes
configure:13193: g++ -c -g -O2  conftest.cpp >&5
configure:13196: $? = 0
configure:13716: checking for g++ option to produce PIC
configure:13723: result: -fPIC -DPIC
configure:13731: checking if g++ PIC flag -fPIC -DPIC works
configure:13749: g++ -c -g -O2  -fPIC -DPIC -DPIC conftest.cpp >&5
configure:13753: $? = 0
configure:13766: result: yes
configure:13789: checking if g++ static flag -static works
configure:13817: result: yes
configure:13829: checking if g++ supports -c -o file.o
configure:13850: g++ -c -g -O2  -o out/conftest2.o conftest.cpp >&5
configure:13854: $? = 0
configure:13876: result: yes
configure:13881: checking if g++ supports -c -o file.o
configure:13928: result: yes
configure:13958: checking whether the g++ linker (/usr/bin/ld -m elf_x86_64) supports shared libraries
configure:13997: result: yes
configure:14138: checking dynamic linker characteristics
configure:14817: result: GNU/Linux ld.so
configure:14870: checking how to hardcode library paths into programs
configure:14895: result: immediate
configure:15011: checking for pkg-config
configure:15029: found /usr/bin/pkg-config
configure:15041: result: /usr/bin/pkg-config
configure:15066: checking pkg-config is at least version 0.9.0
configure:15069: result: yes
configure:15079: checking for OGRE
configure:15086: $PKG_CONFIG --exists --print-errors "OGRE >= 1.2"
configure:15089: $? = 0
configure:15103: $PKG_CONFIG --exists --print-errors "OGRE >= 1.2"
configure:15106: $? = 0
configure:15164: result: yes
configure:15173: checking for OIS
configure:15180: $PKG_CONFIG --exists --print-errors "OIS >= 1.0"
configure:15183: $? = 0
configure:15197: $PKG_CONFIG --exists --print-errors "OIS >= 1.0"
configure:15200: $? = 0
configure:15258: result: yes
configure:15267: checking for bullet
configure:15274: $PKG_CONFIG --exists --print-errors "bullet >= 2.79"
configure:15277: $? = 0
configure:15291: $PKG_CONFIG --exists --print-errors "bullet >= 2.79"
configure:15294: $? = 0
configure:15352: result: yes
configure:15361: checking for SDL_net
configure:15368: $PKG_CONFIG --exists --print-errors "SDL_net"
configure:15371: $? = 0
configure:15385: $PKG_CONFIG --exists --print-errors "SDL_net"
configure:15388: $? = 0
configure:15446: result: yes
configure:15455: checking for SDL_mixer
configure:15462: $PKG_CONFIG --exists --print-errors "SDL_mixer"
configure:15465: $? = 0
configure:15479: $PKG_CONFIG --exists --print-errors "SDL_mixer"
configure:15482: $? = 0
configure:15540: result: yes
configure:15683: creating ./config.status

## ---------------- ##
## Cache variables. ##
## ---------------- ##

ac_cv_build=x86_64-unknown-linux-gnu
ac_cv_c_compiler_gnu=yes
ac_cv_cxx_compiler_gnu=yes
ac_cv_env_CCC_set=
ac_cv_env_CCC_value=
ac_cv_env_CC_set=
ac_cv_env_CC_value=
ac_cv_env_CFLAGS_set=
ac_cv_env_CFLAGS_value=
ac_cv_env_CPPFLAGS_set=
ac_cv_env_CPPFLAGS_value=
ac_cv_env_CPP_set=
ac_cv_env_CPP_value=
ac_cv_env_CXXCPP_set=
ac_cv_env_CXXCPP_value=
ac_cv_env_CXXFLAGS_set=
ac_cv_env_CXXFLAGS_value=
ac_cv_env_CXX_set=
ac_cv_env_CXX_value=
ac_cv_env_LDFLAGS_set=
ac_cv_env_LDFLAGS_value=
ac_cv_env_LIBS_set=
ac_cv_env_LIBS_value=
ac_cv_env_OGRE_CFLAGS_set=
ac_cv_env_OGRE_CFLAGS_value=
ac_cv_env_OGRE_LIBS_set=
ac_cv_env_OGRE_LIBS_value=
ac_cv_env_OIS_CFLAGS_set=
ac_cv_env_OIS_CFLAGS_value=
ac_cv_env_OIS_LIBS_set=
ac_cv_env_OIS_LIBS_value=
ac_cv_env_PKG_CONFIG_LIBDIR_set=
ac_cv_env_PKG_CONFIG_LIBDIR_value=
ac_cv_env_PKG_CONFIG_PATH_set=
ac_cv_env_PKG_CONFIG_PATH_value=
ac_cv_env_PKG_CONFIG_set=
ac_cv_env_PKG_CONFIG_value=
ac_cv_env_SDL_mixer_CFLAGS_set=
ac_cv_env_SDL_mixer_CFLAGS_value=
ac_cv_env_SDL_mixer_LIBS_set=
ac_cv_env_SDL_mixer_LIBS_value=
ac_cv_env_SDL_net_CFLAGS_set=
ac_cv_env_SDL_net_CFLAGS_value=
ac_cv_env_SDL_net_LIBS_set=
ac_cv_env_SDL_net_LIBS_value=
ac_cv_env_build_alias_set=
ac_cv_env_build_alias_value=
ac_cv_env_bullet_CFLAGS_set=
ac_cv_env_bullet_CFLAGS_value=
ac_cv_env_bullet_LIBS_set=
ac_cv_env_bullet_LIBS_value=
ac_cv_env_host_alias_set=
ac_cv_env_host_alias_value=
ac_cv_env_target_alias_set=
ac_cv_env_target_alias_value=
ac_cv_header_dlfcn_h=yes
ac_cv_header_inttypes_h=yes
ac_cv_header_memory_h=yes
ac_cv_header_stdc=yes
ac_cv_header_stdint_h=yes
ac_cv_header_stdlib_h=yes
ac_cv_header_string_h=yes
ac_cv_header_strings_h=yes
ac_cv_header_sys_stat_h=yes
ac_cv_header_sys_types_h=yes
ac_cv_header_unistd_h=yes
ac_cv_host=x86_64-unknown-linux-gnu
ac_cv_objext=o
ac_cv_path_EGREP='/bin/grep -E'
ac_cv_path_FGREP='/bin/grep -F'
ac_cv_path_GREP=/bin/grep
ac_cv_path_SED=/bin/sed
ac_cv_path_ac_pt_PKG_CONFIG=/usr/bin/pkg-config
ac_cv_path_install='/usr/bin/install -c'
ac_cv_path_mkdir=/bin/mkdir
ac_cv_prog_AWK=gawk
ac_cv_prog_CPP='gcc -E'
ac_cv_prog_CXXCPP='g++ -E'
ac_cv_prog_ac_ct_AR=ar
ac_cv_prog_ac_ct_CC=gcc
ac_cv_prog_ac_ct_CXX=g++
ac_cv_prog_ac_ct_MANIFEST_TOOL=mt
ac_cv_prog_ac_ct_OBJDUMP=objdump
ac_cv_prog_ac_ct_RANLIB=ranlib
ac_cv_prog_ac_ct_STRIP=strip
ac_cv_prog_cc_c89=
ac_cv_prog_cc_g=yes
ac_cv_prog_cxx_g=yes
ac_cv_prog_make_make_set=yes
am_cv_CC_dependencies_compiler_type=gcc3
am_cv_CXX_dependencies_compiler_type=gcc3
lt_cv_ar_at_file=@
lt_cv_archive_cmds_need_lc=no
lt_cv_deplibs_check_method=pass_all
lt_cv_file_magic_cmd='$MAGIC_CMD'
lt_cv_file_magic_test_file=
lt_cv_ld_reload_flag=-r
lt_cv_nm_interface='BSD nm'
lt_cv_objdir=.libs
lt_cv_path_LD=/usr/bin/ld
lt_cv_path_LDCXX='/usr/bin/ld -m elf_x86_64'
lt_cv_path_NM='/usr/bin/nm -B'
lt_cv_path_mainfest_tool=no
lt_cv_prog_compiler_c_o=yes
lt_cv_prog_compiler_c_o_CXX=yes
lt_cv_prog_compiler_pic='-fPIC -DPIC'
lt_cv_prog_compiler_pic_CXX='-fPIC -DPIC'
lt_cv_prog_compiler_pic_works=yes
lt_cv_prog_compiler_pic_works_CXX=yes
lt_cv_prog_compiler_rtti_exceptions=no
lt_cv_prog_compiler_static_works=yes
lt_cv_prog_compiler_static_works_CXX=yes
lt_cv_prog_gnu_ld=yes
lt_cv_prog_gnu_ldcxx=yes
lt_cv_sharedlib_from_linklib_cmd='printf %s\n'
lt_cv_shlibpath_overrides_runpath=no
lt_cv_sys_global_symbol_pipe='sed -n -e '\''s/^.*[	 ]\([ABCDGIRSTW][ABCDGIRSTW]*\)[	 ][	 ]*\([_A-Za-z][_A-Za-z0-9]*\)$/\1 \2 \2/p'\'' | sed '\''/ __gnu_lto/d'\'''
lt_cv_sys_global_symbol_to_c_name_address='sed -n -e '\''s/^: \([^ ]*\)[ ]*$/  {\"\1\", (void *) 0},/p'\'' -e '\''s/^[ABCDGIRSTW]* \([^ ]*\) \([^ ]*\)$/  {"\2", (void *) \&\2},/p'\'''
lt_cv_sys_global_symbol_to_c_name_address_lib_prefix='sed -n -e '\''s/^: \([^ ]*\)[ ]*$/  {\"\1\", (void *) 0},/p'\'' -e '\''s/^[ABCDGIRSTW]* \([^ ]*\) \(lib[^ ]*\)$/  {"\2", (void *) \&\2},/p'\'' -e '\''s/^[ABCDGIRSTW]* \([^ ]*\) \([^ ]*\)$/  {"lib\2", (void *) \&\2},/p'\'''
lt_cv_sys_global_symbol_to_cdecl='sed -n -e '\''s/^T .* \(.*\)$/extern int \1();/p'\'' -e '\''s/^[ABCDGIRSTW]* .* \(.*\)$/extern char \1;/p'\'''
lt_cv_sys_max_cmd_len=3458764513820540925
lt_cv_to_host_file_cmd=func_convert_file_noop
lt_cv_to_tool_file_cmd=func_convert_file_noop
pkg_cv_OGRE_CFLAGS='-pthread -I/usr/include/OGRE  '
pkg_cv_OGRE_LIBS='-lOgreMain -lpthread  '
pkg_cv_OIS_CFLAGS='-I/usr/include/OIS  '
pkg_cv_OIS_LIBS='-lOIS  '
pkg_cv_SDL_mixer_CFLAGS='-D_GNU_SOURCE=1 -D_REENTRANT -I/usr/include/SDL  '
pkg_cv_SDL_mixer_LIBS='-lSDL_mixer -lSDL  '
pkg_cv_SDL_net_CFLAGS='-D_GNU_SOURCE=1 -D_REENTRANT -I/usr/include/SDL  '
pkg_cv_SDL_net_LIBS='-lSDL_net -lSDL  '
pkg_cv_bullet_CFLAGS='-I/usr/local/include/bullet  '
pkg_cv_bullet_LIBS='-L/usr/local/lib -lBulletSoftBody -lBulletDynamics -lBulletCollision -lLinearMath  '

## ----------------- ##
## Output variables. ##
## ----------------- ##

ACLOCAL='${SHELL} "/u/binary4/Game Tech/dodgeball/Vectors/DodgeBall/missing" --run aclocal-1.11'
AMDEPBACKSLASH='\'
AMDEP_FALSE='#'
AMDEP_TRUE=''
AMTAR='$${TAR-tar}'
AR='ar'
AUTOCONF='${SHELL} "/u/binary4/Game Tech/dodgeball/Vectors/DodgeBall/missing" --run autoconf'
AUTOHEADER='${SHELL} "/u/binary4/Game Tech/dodgeball/Vectors/DodgeBall/missing" --run autoheader'
AUTOMAKE='${SHELL} "/u/binary4/Game Tech/dodgeball/Vectors/DodgeBall/missing" --run automake-1.11'
AWK='gawk'
BULLET_CFLAGS=''
BULLET_LIBS=''
CC='gcc'
CCDEPMODE='depmode=gcc3'
CFLAGS='-g -O2'
CPP='gcc -E'
CPPFLAGS=''
CXX='g++'
CXXCPP='g++ -E'
CXXDEPMODE='depmode=gcc3'
CXXFLAGS='-g -O2'
CYGPATH_W='echo'
DEFS='-DHAVE_CONFIG_H'
DEPDIR='.deps'
DLLTOOL='false'
DSYMUTIL=''
DUMPBIN=''
ECHO_C=''
ECHO_N='-n'
ECHO_T=''
EGREP='/bin/grep -E'
EXEEXT=''
FGREP='/bin/grep -F'
GREP='/bin/grep'
INSTALL_DATA='${INSTALL} -m 644'
INSTALL_PROGRAM='${INSTALL}'
INSTALL_SCRIPT='${INSTALL}'
INSTALL_STRIP_PROGRAM='$(install_sh) -c -s'
LD='/usr/bin/ld -m elf_x86_64'
LDFLAGS=''
LIBOBJS=''
LIBS=''
LIBTOOL='$(SHELL) $(top_builddir)/libtool'
LIPO=''
LN_S='ln -s'
LTLIBOBJS=''
MAKEINFO='${SHELL} "/u/binary4/Game Tech/dodgeball/Vectors/DodgeBall/missing" --run makeinfo'
MANIFEST_TOOL=':'
MKDIR_P='/bin/mkdir -p'
NM='/usr/bin/nm -B'
NMEDIT=''
OBJDUMP='objdump'
OBJEXT='o'
OGRE_CFLAGS='-pthread -I/usr/include/OGRE  '
OGRE_LIBS='-lOgreMain -lpthread  '
OIS_CFLAGS='-I/usr/include/OIS  '
OIS_LIBS='-lOIS  '
OTOOL64=''
OTOOL=''
PACKAGE='SampleApp'
PACKAGE_BUGREPORT=''
PACKAGE_NAME=''
PACKAGE_STRING=''
PACKAGE_TARNAME=''
PACKAGE_URL=''
PACKAGE_VERSION=''
PATH_SEPARATOR=':'
PKG_CONFIG='/usr/bin/pkg-config'
PKG_CONFIG_LIBDIR=''
PKG_CONFIG_PATH=''
RANLIB='ranlib'
SDL_mixer_CFLAGS='-D_GNU_SOURCE=1 -D_REENTRANT -I/usr/include/SDL  '
SDL_mixer_LIBS='-lSDL_mixer -lSDL  '
SDL_net_CFLAGS='-D_GNU_SOURCE=1 -D_REENTRANT -I/usr/include/SDL  '
SDL_net_LIBS='-lSDL_net -lSDL  '
SED='/bin/sed'
SET_MAKE=''
SHELL='/bin/bash'
STRIP='strip'
VERSION='0.1'
ac_ct_AR='ar'
ac_ct_CC='gcc'
ac_ct_CXX='g++'
ac_ct_DUMPBIN=''
am__EXEEXT_FALSE=''
am__EXEEXT_TRUE='#'
am__fastdepCC_FALSE='#'
am__fastdepCC_TRUE=''
am__fastdepCXX_FALSE='#'
am__fastdepCXX_TRUE=''
am__include='include'
am__isrc=''
am__leading_dot='.'
am__nodep='_no'
am__quote=''
am__tar='$${TAR-tar} chof - "$$tardir"'
am__untar='$${TAR-tar} xf -'
bindir='${exec_prefix}/bin'
build='x86_64-unknown-linux-gnu'
build_alias=''
build_cpu='x86_64'
build_os='linux-gnu'
build_vendor='unknown'
bullet_CFLAGS='-I/usr/local/include/bullet  '
bullet_LIBS='-L/usr/local/lib -lBulletSoftBody -lBulletDynamics -lBulletCollision -lLinearMath  '
datadir='${datarootdir}'
datarootdir='${prefix}/share'
docdir='${datarootdir}/doc/${PACKAGE}'
dvidir='${docdir}'
exec_prefix='${prefix}'
host='x86_64-unknown-linux-gnu'
host_alias=''
host_cpu='x86_64'
host_os='linux-gnu'
host_vendor='unknown'
htmldir='${docdir}'
includedir='${prefix}/include'
infodir='${datarootdir}/info'
install_sh='${SHELL} '\''/u/binary4/Game Tech/dodgeball/Vectors/DodgeBall/install-sh'\'''
libdir='${exec_prefix}/lib'
libexecdir='${exec_prefix}/libexec'
localedir='${datarootdir}/locale'
localstatedir='${prefix}/var'
mandir='${datarootdir}/man'
mkdir_p='/bin/mkdir -p'
oldincludedir='/usr/include'
pdfdir='${docdir}'
prefix='/usr/local'
program_transform_name='s,x,x,'
psdir='${docdir}'
sbindir='${exec_prefix}/sbin'
sharedstatedir='${prefix}/com'
sysconfdir='${prefix}/etc'
target_alias=''

## ----------- ##
## confdefs.h. ##
## ----------- ##

/* confdefs.h */
#define PACKAGE_NAME ""
#define PACKAGE_TARNAME ""
#define PACKAGE_VERSION ""
#define PACKAGE_STRING ""
#define PACKAGE_BUGREPORT ""
#define PACKAGE_URL ""
#define PACKAGE "SampleApp"
#define VERSION "0.1"
#define STDC_HEADERS 1
#define HAVE_SYS_TYPES_H 1
#define HAVE_SYS_STAT_H 1
#define HAVE_STDLIB_H 1
#define HAVE_STRING_H 1
#define HAVE_MEMORY_H 1
#define HAVE_STRINGS_H 1
#define HAVE_INTTYPES_H 1
#define HAVE_STDINT_H 1
#define HAVE_UNISTD_H 1
#define HAVE_DLFCN_H 1
#define LT_OBJDIR ".libs/"

configure: exit 0

## ---------------------- ##
## Running config.status. ##
## ---------------------- ##

This file was extended by config.status, which was
generated by GNU Autoconf 2.68.  Invocation command line was

  CONFIG_FILES    = 
  CONFIG_HEADERS  = 
  CONFIG_LINKS    = 
  CONFIG_COMMANDS = 
  $ ./config.status 

on goth-giant

config.status:1166: creating Makefile
config.status:1166: creating config.h
config.status:1347: config.h is unchanged
config.status:1395: executing depfiles commands
config.status:1395: executing libtool commands

## ---------------------- ##
## Running config.status. ##
## ---------------------- ##

This file was extended by config.status, which was
generated by GNU Autoconf 2.68.  Invocation command line was

  CONFIG_FILES    = 
  CONFIG_HEADERS  = 
  CONFIG_LINKS    = 
  CONFIG_COMMANDS = 
  $ ./config.status config.h

on goth-giant

config.status:1166: creating config.h
config.status:1347: config.h is unchanged
